Using pre-set license
Built from '2021.1/staging' branch; Version is '2021.1.11f1 (4d8c25f7477e) revision 5082149'; Using compiler version '192528614'; Build Type 'Release'
OS: 'Windows 10 Pro; OS build 19042.1348; Version 2009; 64bit' Language: 'es' Physical Memory: 16333 MB
BatchMode: 1, IsHumanControllingUs: 0, StartBugReporterOnCrash: 0, Is64bit: 1, IsPro: 0

 COMMAND LINE ARGUMENTS:
C:\Program Files\Unity\Hub\Editor\2021.1.11f1\Editor\Unity.exe
-adb2
-batchMode
-noUpm
-name
AssetImportWorker1
-projectPath
D:/Uni/2 any/Game Development/AssignmentTanks/Tanks
-logFile
Logs/AssetImportWorker1.log
-srvPort
58062
Successfully changed project path to: D:/Uni/2 any/Game Development/AssignmentTanks/Tanks
D:/Uni/2 any/Game Development/AssignmentTanks/Tanks
Using Asset Import Pipeline V2.
Refreshing native plugins compatible for Editor in 122.70 ms, found 3 plugins.
Preloading 0 native plugins for Editor in 0.00 ms.
Initialize engine version: 2021.1.11f1 (4d8c25f7477e)
[Subsystems] Discovering subsystems at path C:/Program Files/Unity/Hub/Editor/2021.1.11f1/Editor/Data/Resources/UnitySubsystems
[Subsystems] Discovering subsystems at path D:/Uni/2 any/Game Development/AssignmentTanks/Tanks/Assets
GfxDevice: creating device client; threaded=0; jobified=0
Direct3D:
    Version:  Direct3D 11.0 [level 11.1]
    Renderer: NVIDIA GeForce GTX 1070 (ID=0x1b81)
    Vendor:   NVIDIA
    VRAM:     8088 MB
    Driver:   30.0.14.7212
Initialize mono
Mono path[0] = 'C:/Program Files/Unity/Hub/Editor/2021.1.11f1/Editor/Data/Managed'
Mono path[1] = 'C:/Program Files/Unity/Hub/Editor/2021.1.11f1/Editor/Data/MonoBleedingEdge/lib/mono/unityjit'
Mono config path = 'C:/Program Files/Unity/Hub/Editor/2021.1.11f1/Editor/Data/MonoBleedingEdge/etc'
Using monoOptions --debugger-agent=transport=dt_socket,embedding=1,server=y,suspend=n,address=127.0.0.1:56456
Begin MonoManager ReloadAssembly
Registering precompiled unity dll's ...
Register platform support module: C:/Program Files/Unity/Hub/Editor/2021.1.11f1/Editor/Data/PlaybackEngines/WindowsStandaloneSupport/UnityEditor.WindowsStandalone.Extensions.dll
Registered in 0.003984 seconds.
Native extension for WindowsStandalone target not found
Refreshing native plugins compatible for Editor in 100.71 ms, found 3 plugins.
Preloading 0 native plugins for Editor in 0.00 ms.
Mono: successfully reloaded assembly
- Completed reload, in  2.260 seconds
Domain Reload Profiling:
	ReloadAssembly (2260ms)
		BeginReloadAssembly (59ms)
			ExecutionOrderSort (0ms)
			DisableScriptedObjects (0ms)
			BackupInstance (0ms)
			ReleaseScriptingObjects (0ms)
			CreateAndSetChildDomain (1ms)
		EndReloadAssembly (471ms)
			LoadAssemblies (56ms)
			RebuildTransferFunctionScriptingTraits (0ms)
			SetupTypeCache (161ms)
			ReleaseScriptCaches (0ms)
			RebuildScriptCaches (29ms)
			SetupLoadedEditorAssemblies (234ms)
				LogAssemblyErrors (0ms)
				InitializePlatformSupportModulesInManaged (6ms)
				SetLoadedEditorAssemblies (0ms)
				RefreshPlugins (101ms)
				BeforeProcessingInitializeOnLoad (2ms)
				ProcessInitializeOnLoadAttributes (98ms)
				ProcessInitializeOnLoadMethodAttributes (27ms)
				AfterProcessingInitializeOnLoad (0ms)
				EditorAssembliesLoaded (0ms)
			ExecutionOrderSort2 (0ms)
			AwakeInstancesAfterBackupRestoration (0ms)
Platform modules already initialized, skipping
Registering precompiled user dll's ...
Registered in 0.008859 seconds.
Begin MonoManager ReloadAssembly
Symbol file LoadedFromMemory doesn't match image D:\Uni\2 any\Game Development\AssignmentTanks\Tanks\Library\PackageCache\com.unity.visualscripting@1.6.1\Editor\VisualScripting.Core\Dependencies\DotNetZip\Unity.VisualScripting.IonicZip.dll
Symbol file LoadedFromMemory doesn't match image D:\Uni\2 any\Game Development\AssignmentTanks\Tanks\Library\PackageCache\com.unity.visualscripting@1.6.1\Editor\VisualScripting.Core\Dependencies\YamlDotNet\Unity.VisualScripting.YamlDotNet.dll
Native extension for WindowsStandalone target not found
Refreshing native plugins compatible for Editor in 0.92 ms, found 3 plugins.
Preloading 0 native plugins for Editor in 0.00 ms.
Mono: successfully reloaded assembly
- Completed reload, in  1.229 seconds
Domain Reload Profiling:
	ReloadAssembly (1230ms)
		BeginReloadAssembly (147ms)
			ExecutionOrderSort (0ms)
			DisableScriptedObjects (4ms)
			BackupInstance (0ms)
			ReleaseScriptingObjects (0ms)
			CreateAndSetChildDomain (19ms)
		EndReloadAssembly (1026ms)
			LoadAssemblies (97ms)
			RebuildTransferFunctionScriptingTraits (0ms)
			SetupTypeCache (346ms)
			ReleaseScriptCaches (1ms)
			RebuildScriptCaches (57ms)
			SetupLoadedEditorAssemblies (435ms)
				LogAssemblyErrors (0ms)
				InitializePlatformSupportModulesInManaged (5ms)
				SetLoadedEditorAssemblies (0ms)
				RefreshPlugins (1ms)
				BeforeProcessingInitializeOnLoad (93ms)
				ProcessInitializeOnLoadAttributes (250ms)
				ProcessInitializeOnLoadMethodAttributes (79ms)
				AfterProcessingInitializeOnLoad (6ms)
				EditorAssembliesLoaded (0ms)
			ExecutionOrderSort2 (0ms)
			AwakeInstancesAfterBackupRestoration (7ms)
Platform modules already initialized, skipping
========================================================================
Worker process is ready to serve import requests
Launched and connected shader compiler UnityShaderCompiler.exe after 0.04 seconds
Refreshing native plugins compatible for Editor in 0.85 ms, found 3 plugins.
Preloading 0 native plugins for Editor in 0.00 ms.
Unloading 3773 Unused Serialized files (Serialized files now loaded: 0)
System memory in use before: 135.9 MB.
System memory in use after: 136.1 MB.

Unloading 66 unused Assets to reduce memory usage. Loaded Objects now: 4186.
Total: 5.329100 ms (FindLiveObjects: 0.272400 ms CreateObjectMapping: 0.172300 ms MarkObjects: 4.810600 ms  DeleteObjects: 0.072000 ms)

AssetImportParameters requested are different than current active one (requested -> active):
  custom:framework-win-MediaFoundation: 216162199b28c13a410421893ffa2e32 -> 
  custom:video-decoder-ogg-theora: a1e56fd34408186e4bbccfd4996cb3dc -> 
  custom:container-muxer-webm: aa71ff27fc2769a1b78a27578f13a17b -> 
  custom:container-demuxer-webm: 4f35f7cbe854078d1ac9338744f61a02 -> 
  custom:container-demuxer-ogg: 62fdf1f143b41e24485cea50d1cbac27 -> 
  custom:video-encoder-webm-vp8: eb34c28f22e8b96e1ab97ce403110664 -> 
  custom:video-decoder-webm-vp8: 9c59270c3fd7afecdb556c50c9e8de78 -> 
  custom:audio-decoder-ogg-vorbis: bf7c407c2cedff20999df2af8eb42d56 -> 
  custom:audio-encoder-webm-vorbis: bf7c407c2cedff20999df2af8eb42d56 -> 
========================================================================
Received Import Request.
  path: Assets/Assets/TankMaterials
  artifactKey: Guid(6573d7699db9f1049be48f1d01b04ce5) Importer(815301076,1909f56bfc062723c751e8b465ee728b)
Start importing Assets/Assets/TankMaterials using Guid(6573d7699db9f1049be48f1d01b04ce5) Importer(815301076,1909f56bfc062723c751e8b465ee728b)  -> (artifact id: '33bea0c1adde6c2d58b30c1b5109a1c8') in 0.010549 seconds 
========================================================================
Received Import Request.
  Time since last request: 5.232959 seconds.
  path: Assets/Assets/TankMaterials/RedTank.mat
  artifactKey: Guid(065f7a08d8f854047ba719c9e75739f0) Importer(815301076,1909f56bfc062723c751e8b465ee728b)
Start importing Assets/Assets/TankMaterials/RedTank.mat using Guid(065f7a08d8f854047ba719c9e75739f0) Importer(815301076,1909f56bfc062723c751e8b465ee728b)  -> (artifact id: '0ff8a303876d2da6ea3dcaef6f13ec01') in 0.119875 seconds 
========================================================================
Received Import Request.
  Time since last request: 12.242380 seconds.
  path: Assets/Assets/TankMaterials/BlueTank.mat
  artifactKey: Guid(7f80b8b1fcea2cc48be52cb20baedace) Importer(815301076,1909f56bfc062723c751e8b465ee728b)
Start importing Assets/Assets/TankMaterials/BlueTank.mat using Guid(7f80b8b1fcea2cc48be52cb20baedace) Importer(815301076,1909f56bfc062723c751e8b465ee728b)  -> (artifact id: '417f02d934f96b8a37ed8f831ef9a2ef') in 0.017556 seconds 
========================================================================
Received Import Request.
  Time since last request: 126.669991 seconds.
  path: Assets/ProjectSettings
  artifactKey: Guid(01a78a4b7c3518d4ba0815276affca03) Importer(815301076,1909f56bfc062723c751e8b465ee728b)
Start importing Assets/ProjectSettings using Guid(01a78a4b7c3518d4ba0815276affca03) Importer(815301076,1909f56bfc062723c751e8b465ee728b)  -> (artifact id: 'c8a37d86998aa02e28e9b5ba297d5e37') in 0.009051 seconds 
========================================================================
Received Import Request.
  Time since last request: 11.317550 seconds.
  path: Assets/Assets/AIPrefabs/Tank1.prefab
  artifactKey: Guid(1e8b59e8ef5b4af4cbcc968764b7de59) Importer(815301076,1909f56bfc062723c751e8b465ee728b)
Start importing Assets/Assets/AIPrefabs/Tank1.prefab using Guid(1e8b59e8ef5b4af4cbcc968764b7de59) Importer(815301076,1909f56bfc062723c751e8b465ee728b)  -> (artifact id: '90b537bae3b1550184e635aaf6a8cdd3') in 0.025744 seconds 
========================================================================
Received Import Request.
  Time since last request: 0.000295 seconds.
  path: Assets/Assets/AIPrefabs/Tank2.prefab
  artifactKey: Guid(32aaaf8e5579f154ab7be71533a051f1) Importer(815301076,1909f56bfc062723c751e8b465ee728b)
Start importing Assets/Assets/AIPrefabs/Tank2.prefab using Guid(32aaaf8e5579f154ab7be71533a051f1) Importer(815301076,1909f56bfc062723c751e8b465ee728b)  -> (artifact id: 'bd13c16d909e1082c9dba3a9e271b8c7') in 0.016413 seconds 
AssetImportWorkerClient::OnTransportError - code=2 error=End of file
